<?xml version="1.0" encoding="UTF-8"?>
<robot generator="Robot 3.2.2 (Python 3.10.7 on win32)" generated="20221029 15:44:49.542" rpa="false">
<suite id="s1" name="TestCase" source="C:\Users\sindh\eclipse-workspace\TestrobotProject\TestCase">
<suite id="s1-s1" name="Test" source="C:\Users\sindh\eclipse-workspace\TestrobotProject\TestCase\Test.robot">
<test id="s1-s1-t1" name="Test">
<kw name="Open Browser" library="SeleniumLibrary">
<doc>Opens a new browser instance to the optional ``url``.</doc>
<arguments>
<arg>https://u2hrm.trigent.com</arg>
<arg>chrome</arg>
</arguments>
<msg timestamp="20221029 15:44:49.767" level="INFO">Opening browser 'chrome' to base url 'https://u2hrm.trigent.com'.</msg>
<status status="PASS" starttime="20221029 15:44:49.767" endtime="20221029 15:44:53.360"></status>
</kw>
<kw name="Maximize Browser Window" library="SeleniumLibrary">
<doc>Maximizes current browser window.</doc>
<status status="PASS" starttime="20221029 15:44:53.360" endtime="20221029 15:44:53.475"></status>
</kw>
<kw name="Sleep" library="BuiltIn">
<doc>Pauses the test executed for the given time.</doc>
<arguments>
<arg>5s</arg>
</arguments>
<msg timestamp="20221029 15:44:58.484" level="INFO">Slept 5 seconds</msg>
<status status="PASS" starttime="20221029 15:44:53.475" endtime="20221029 15:44:58.484"></status>
</kw>
<kw name="Click Element" library="SeleniumLibrary">
<doc>Click the element identified by ``locator``.</doc>
<arguments>
<arg>txtUsername</arg>
</arguments>
<msg timestamp="20221029 15:44:58.485" level="INFO">Clicking element 'txtUsername'.</msg>
<kw name="Capture Page Screenshot" library="SeleniumLibrary">
<doc>Takes a screenshot of the current page and embeds it into a log file.</doc>
<msg timestamp="20221029 15:44:58.517" level="FAIL">NoSuchWindowException: Message: no such window: target window already closed
from unknown error: web view not found
  (Session info: chrome=106.0.5249.91)
Stacktrace:
Backtrace:
	Ordinal0 [0x00571ED3+2236115]
	Ordinal0 [0x005092F1+1807089]
	Ordinal0 [0x004166FD+812797]
	Ordinal0 [0x003FDFFA+712698]
	Ordinal0 [0x0046506B+1134699]
	Ordinal0 [0x0047514A+1200458]
	Ordinal0 [0x004618A6+1120422]
	Ordinal0 [0x0043A73D+960317]
	Ordinal0 [0x0043B71F+964383]
	GetHandleVerifier [0x0081E7E2+2743074]
	GetHandleVerifier [0x008108D4+2685972]
	GetHandleVerifier [0x00602BAA+532202]
	GetHandleVerifier [0x00601990+527568]
	Ordinal0 [0x0051080C+1837068]
	Ordinal0 [0x00514CD8+1854680]
	Ordinal0 [0x00514DC5+1854917]
	Ordinal0 [0x0051ED64+1895780]
	BaseThreadInitThunk [0x75816739+25]
	RtlGetFullPathName_UEx [0x77458FD2+1218]
	RtlGetFullPathName_UEx [0x77458F9D+1165]
</msg>
<status status="FAIL" starttime="20221029 15:44:58.486" endtime="20221029 15:44:58.517"></status>
</kw>
<msg timestamp="20221029 15:44:58.517" level="WARN">Keyword 'Capture Page Screenshot' could not be run on failure: NoSuchWindowException: Message: no such window: target window already closed
from unknown error: web view not found
  (Session info: chrome=106.0.5249.91)
Stacktrace:
Backtrace:
	Ordinal0 [0x00571ED3+2236115]
	Ordinal0 [0x005092F1+1807089]
	Ordinal0 [0x004166FD+812797]
	Ordinal0 [0x003FDFFA+712698]
	Ordinal0 [0x0046506B+1134699]
	Ordinal0 [0x0047514A+1200458]
	Ordinal0 [0x004618A6+1120422]
	Ordinal0 [0x0043A73D+960317]
	Ordinal0 [0x0043B71F+964383]
	GetHandleVerifier [0x0081E7E2+2743074]
	GetHandleVerifier [0x008108D4+2685972]
	GetHandleVerifier [0x00602BAA+532202]
	GetHandleVerifier [0x00601990+527568]
	Ordinal0 [0x0051080C+1837068]
	Ordinal0 [0x00514CD8+1854680]
	Ordinal0 [0x00514DC5+1854917]
	Ordinal0 [0x0051ED64+1895780]
	BaseThreadInitThunk [0x75816739+25]
	RtlGetFullPathName_UEx [0x77458FD2+1218]
	RtlGetFullPathName_UEx [0x77458F9D+1165]
</msg>
<msg timestamp="20221029 15:44:58.534" level="FAIL">NoSuchWindowException: Message: no such window: target window already closed
from unknown error: web view not found
  (Session info: chrome=106.0.5249.91)
Stacktrace:
Backtrace:
	Ordinal0 [0x00571ED3+2236115]
	Ordinal0 [0x005092F1+1807089]
	Ordinal0 [0x004166FD+812797]
	Ordinal0 [0x003FDFFA+712698]
	Ordinal0 [0x0046506B+1134699]
	Ordinal0 [0x0047514A+1200458]
	Ordinal0 [0x004618A6+1120422]
	Ordinal0 [0x0043A73D+960317]
	Ordinal0 [0x0043B71F+964383]
	GetHandleVerifier [0x0081E7E2+2743074]
	GetHandleVerifier [0x008108D4+2685972]
	GetHandleVerifier [0x00602BAA+532202]
	GetHandleVerifier [0x00601990+527568]
	Ordinal0 [0x0051080C+1837068]
	Ordinal0 [0x00514CD8+1854680]
	Ordinal0 [0x00514DC5+1854917]
	Ordinal0 [0x0051ED64+1895780]
	BaseThreadInitThunk [0x75816739+25]
	RtlGetFullPathName_UEx [0x77458FD2+1218]
	RtlGetFullPathName_UEx [0x77458F9D+1165]
</msg>
<status status="FAIL" starttime="20221029 15:44:58.484" endtime="20221029 15:44:58.534"></status>
</kw>
<status status="FAIL" starttime="20221029 15:44:49.760" endtime="20221029 15:44:58.535" critical="yes">NoSuchWindowException: Message: no such window: target window already closed
from unknown error: web view not found
  (Session info: chrome=106.0.5249.91)
Stacktrace:
Backtrace:
	Ordinal0 [0x00571ED3+2236115]
	Ordinal0 [0x005092F1+1807089]
	Ordinal0 [0x004166FD+812797]
	Ordinal0 [0x003FDFFA+712698]
	Ordinal0 [0x0046506B+1134699]
	Ordinal0 [0x0047514A+1200458]
	Ordinal0 [0x004618A6+1120422]
	Ordinal0 [0x0043A73D+960317]
	Ordinal0 [0x0043B71F+964383]
	GetHandleVerifier [0x0081E7E2+2743074]
	GetHandleVerifier [0x008108D4+2685972]
	GetHandleVerifier [0x00602BAA+532202]
	GetHandleVerifier [0x00601990+527568]
	Ordinal0 [0x0051080C+1837068]
	Ordinal0 [0x00514CD8+1854680]
	Ordinal0 [0x00514DC5+1854917]
	Ordinal0 [0x0051ED64+1895780]
	BaseThreadInitThunk [0x75816739+25]
	RtlGetFullPathName_UEx [0x77458FD2+1218]
	RtlGetFullPathName_UEx [0x77458F9D+1165]
</status>
</test>
<status status="FAIL" starttime="20221029 15:44:49.561" endtime="20221029 15:44:58.536"></status>
</suite>
<status status="FAIL" starttime="20221029 15:44:49.543" endtime="20221029 15:44:58.537"></status>
</suite>
<statistics>
<total>
<stat pass="0" fail="1">Critical Tests</stat>
<stat pass="0" fail="1">All Tests</stat>
</total>
<tag>
</tag>
<suite>
<stat pass="0" fail="1" id="s1" name="TestCase">TestCase</stat>
<stat pass="0" fail="1" id="s1-s1" name="Test">TestCase.Test</stat>
</suite>
</statistics>
<errors>
<msg timestamp="20221029 15:44:58.517" level="WARN">Keyword 'Capture Page Screenshot' could not be run on failure: NoSuchWindowException: Message: no such window: target window already closed
from unknown error: web view not found
  (Session info: chrome=106.0.5249.91)
Stacktrace:
Backtrace:
	Ordinal0 [0x00571ED3+2236115]
	Ordinal0 [0x005092F1+1807089]
	Ordinal0 [0x004166FD+812797]
	Ordinal0 [0x003FDFFA+712698]
	Ordinal0 [0x0046506B+1134699]
	Ordinal0 [0x0047514A+1200458]
	Ordinal0 [0x004618A6+1120422]
	Ordinal0 [0x0043A73D+960317]
	Ordinal0 [0x0043B71F+964383]
	GetHandleVerifier [0x0081E7E2+2743074]
	GetHandleVerifier [0x008108D4+2685972]
	GetHandleVerifier [0x00602BAA+532202]
	GetHandleVerifier [0x00601990+527568]
	Ordinal0 [0x0051080C+1837068]
	Ordinal0 [0x00514CD8+1854680]
	Ordinal0 [0x00514DC5+1854917]
	Ordinal0 [0x0051ED64+1895780]
	BaseThreadInitThunk [0x75816739+25]
	RtlGetFullPathName_UEx [0x77458FD2+1218]
	RtlGetFullPathName_UEx [0x77458F9D+1165]
</msg>
</errors>
</robot>
